
> moving-client@0.1.0 dev
> vite


  VITE v7.2.6  ready in 660 ms

  ➜  Local:   http://localhost:5173/
  ➜  Network: http://192.168.22.36:5173/
9:53:13 AM [vite] (client) page reload index.html
9:53:19 AM [vite] (client) page reload src/main.tsx
9:55:25 AM [vite] (client) hmr update /src/components/Layout.tsx, /src/styles.css
9:58:43 AM [vite] (client) hmr update /src/components/Layout.tsx, /src/styles.css
9:58:43 AM [vite] Internal server error: Failed to resolve import "./DarkModeToggle" from "src/components/Layout.tsx". Does the file exist?
  Plugin: vite:import-analysis
  File: /Users/shorepound/Development/StuartMPS/client/src/components/Layout.tsx:4:27
  2  |  import { NavLink, Link } from "react-router-dom";
  3  |  import Button from "./Button";
  4  |  import DarkModeToggle from "./DarkModeToggle";
     |                              ^
  5  |  export default function Layout({ children }) {
  6  |    const token = typeof window !== "undefined" ? localStorage.getItem("token") : null;
      at TransformPluginContext._formatLog (file:///Users/shorepound/Development/StuartMPS/client/node_modules/vite/dist/node/chunks/config.js:28992:43)
      at TransformPluginContext.error (file:///Users/shorepound/Development/StuartMPS/client/node_modules/vite/dist/node/chunks/config.js:28989:14)
      at normalizeUrl (file:///Users/shorepound/Development/StuartMPS/client/node_modules/vite/dist/node/chunks/config.js:27112:18)
      at process.processTicksAndRejections (node:internal/process/task_queues:105:5)
      at async file:///Users/shorepound/Development/StuartMPS/client/node_modules/vite/dist/node/chunks/config.js:27170:32
      at async Promise.all (index 3)
      at async TransformPluginContext.transform (file:///Users/shorepound/Development/StuartMPS/client/node_modules/vite/dist/node/chunks/config.js:27138:4)
      at async EnvironmentPluginContainer.transform (file:///Users/shorepound/Development/StuartMPS/client/node_modules/vite/dist/node/chunks/config.js:28790:14)
      at async loadAndTransform (file:///Users/shorepound/Development/StuartMPS/client/node_modules/vite/dist/node/chunks/config.js:22660:26)
      at async viteTransformMiddleware (file:///Users/shorepound/Development/StuartMPS/client/node_modules/vite/dist/node/chunks/config.js:24532:20)
9:58:50 AM [vite] (client) hmr update /src/pages/Login.tsx, /src/styles.css
9:59:12 AM [vite] (client) hmr update /src/pages/Admin.tsx, /src/styles.css
9:59:25 AM [vite] (client) hmr update /src/App.tsx
9:59:34 AM [vite] (client) hmr update /src/styles.css
